# JRE version: Java(TM) SE Runtime Environment (8.0_91-b15) (build 1.8.0_91-b15)
# Java VM: Java HotSpot(TM) Client VM (25.91-b15 mixed mode, sharing windows-x86 )
Heap:
 def new generation   total 14848K, used 2851K [0x04200000, 0x05210000, 0x09750000)
  eden space 13248K,  14% used [0x04200000, 0x043e0e08, 0x04ef0000)
  from space 1600K,  58% used [0x05080000, 0x05168068, 0x05210000)
  to   space 1600K,   0% used [0x04ef0000, 0x04ef0000, 0x05080000)
 tenured generation   total 32796K, used 19677K [0x09750000, 0x0b757000, 0x14200000)
   the space 32796K,  60% used [0x09750000, 0x0aa87768, 0x0aa87800, 0x0b757000)
 Metaspace       used 3568K, capacity 3772K, committed 3904K, reserved 4480K
GC Heap History (10 events):
Event: 15.319 GC heap before
{Heap before GC invocations=6 (full 0):
 def new generation   total 4928K, used 4674K [0x04200000, 0x04750000, 0x09750000)
  eden space 4416K,  94% used [0x04200000, 0x04610b00, 0x04650000)
  from space 512K, 100% used [0x04650000, 0x046d0000, 0x046d0000)
  to   space 512K,   0% used [0x046d0000, 0x046d0000, 0x04750000)
 tenured generation   total 10944K, used 8761K [0x09750000, 0x0a200000, 0x14200000)
   the space 10944K,  80% used [0x09750000, 0x09fde5e0, 0x09fde600, 0x0a200000)
 Metaspace       used 3567K, capacity 3807K, committed 3904K, reserved 4480K
Event: 15.325 GC heap after
Heap after GC invocations=7 (full 0):
 def new generation   total 4928K, used 512K [0x04200000, 0x04750000, 0x09750000)
  eden space 4416K,   0% used [0x04200000, 0x04200000, 0x04650000)
  from space 512K, 100% used [0x046d0000, 0x04750000, 0x04750000)
  to   space 512K,   0% used [0x04650000, 0x04650000, 0x046d0000)
 tenured generation   total 10944K, used 10302K [0x09750000, 0x0a200000, 0x14200000)
   the space 10944K,  94% used [0x09750000, 0x0a15f870, 0x0a15fa00, 0x0a200000)
 Metaspace       used 3567K, capacity 3807K, committed 3904K, reserved 4480K
}
Event: 16.218 GC heap before
{Heap before GC invocations=7 (full 0):
 def new generation   total 4928K, used 4631K [0x04200000, 0x04750000, 0x09750000)
  eden space 4416K,  93% used [0x04200000, 0x04605f80, 0x04650000)
  from space 512K, 100% used [0x046d0000, 0x04750000, 0x04750000)
  to   space 512K,   0% used [0x04650000, 0x04650000, 0x046d0000)
 tenured generation   total 10944K, used 10302K [0x09750000, 0x0a200000, 0x14200000)
   the space 10944K,  94% used [0x09750000, 0x0a15f870, 0x0a15fa00, 0x0a200000)
 Metaspace       used 3611K, capacity 3842K, committed 3904K, reserved 4480K
Event: 16.247 GC heap after
Heap after GC invocations=8 (full 1):
 def new generation   total 7744K, used 0K [0x04200000, 0x04a60000, 0x09750000)
  eden space 6912K,   0% used [0x04200000, 0x04200000, 0x048c0000)
  from space 832K,   0% used [0x048c0000, 0x048c0000, 0x04990000)
  to   space 832K,   0% used [0x04990000, 0x04990000, 0x04a60000)
 tenured generation   total 16992K, used 10193K [0x09750000, 0x0a7e8000, 0x14200000)
   the space 16992K,  59% used [0x09750000, 0x0a144620, 0x0a144800, 0x0a7e8000)
 Metaspace       used 3606K, capacity 3827K, committed 3904K, reserved 4480K
}
Event: 16.459 GC heap before
{Heap before GC invocations=8 (full 1):
 def new generation   total 7744K, used 6282K [0x04200000, 0x04a60000, 0x09750000)
  eden space 6912K,  90% used [0x04200000, 0x04822860, 0x048c0000)
  from space 832K,   0% used [0x048c0000, 0x048c0000, 0x04990000)
  to   space 832K,   0% used [0x04990000, 0x04990000, 0x04a60000)
 tenured generation   total 16992K, used 10193K [0x09750000, 0x0a7e8000, 0x14200000)
   the space 16992K,  59% used [0x09750000, 0x0a144620, 0x0a144800, 0x0a7e8000)
 Metaspace       used 3606K, capacity 3827K, committed 3904K, reserved 4480K
Event: 16.465 GC heap after
Heap after GC invocations=9 (full 1):
 def new generation   total 7744K, used 600K [0x04200000, 0x04a60000, 0x09750000)
  eden space 6912K,   0% used [0x04200000, 0x04200000, 0x048c0000)
  from space 832K,  72% used [0x04990000, 0x04a260e8, 0x04a60000)
  to   space 832K,   0% used [0x048c0000, 0x048c0000, 0x04990000)
 tenured generation   total 16992K, used 15593K [0x09750000, 0x0a7e8000, 0x14200000)
   the space 16992K,  91% used [0x09750000, 0x0a68a680, 0x0a68a800, 0x0a7e8000)
 Metaspace       used 3606K, capacity 3827K, committed 3904K, reserved 4480K
}
Event: 23.143 GC heap before
{Heap before GC invocations=9 (full 1):
 def new generation   total 7744K, used 7512K [0x04200000, 0x04a60000, 0x09750000)
  eden space 6912K, 100% used [0x04200000, 0x048c0000, 0x048c0000)
  from space 832K,  72% used [0x04990000, 0x04a260e8, 0x04a60000)
  to   space 832K,   0% used [0x048c0000, 0x048c0000, 0x04990000)
 tenured generation   total 16992K, used 15593K [0x09750000, 0x0a7e8000, 0x14200000)
   the space 16992K,  91% used [0x09750000, 0x0a68a680, 0x0a68a800, 0x0a7e8000)
 Metaspace       used 3610K, capacity 3827K, committed 3904K, reserved 4480K
Event: 23.159 GC heap after
Heap after GC invocations=10 (full 2):
 def new generation   total 14848K, used 765K [0x04200000, 0x05210000, 0x09750000)
  eden space 13248K,   5% used [0x04200000, 0x042bf678, 0x04ef0000)
  from space 1600K,   0% used [0x04ef0000, 0x04ef0000, 0x05080000)
  to   space 1600K,   0% used [0x05080000, 0x05080000, 0x05210000)
 tenured generation   total 32796K, used 19677K [0x09750000, 0x0b757000, 0x14200000)
   the space 32796K,  59% used [0x09750000, 0x0aa87420, 0x0aa87600, 0x0b757000)
 Metaspace       used 3566K, capacity 3772K, committed 3904K, reserved 4480K
}
Event: 36.759 GC heap before
{Heap before GC invocations=10 (full 2):
 def new generation   total 14848K, used 13248K [0x04200000, 0x05210000, 0x09750000)
  eden space 13248K, 100% used [0x04200000, 0x04ef0000, 0x04ef0000)
  from space 1600K,   0% used [0x04ef0000, 0x04ef0000, 0x05080000)
  to   space 1600K,   0% used [0x05080000, 0x05080000, 0x05210000)
 tenured generation   total 32796K, used 19677K [0x09750000, 0x0b757000, 0x14200000)
   the space 32796K,  59% used [0x09750000, 0x0aa87420, 0x0aa87600, 0x0b757000)
 Metaspace       used 3566K, capacity 3772K, committed 3904K, reserved 4480K
Event: 36.763 GC heap after
Heap after GC invocations=11 (full 2):
 def new generation   total 14848K, used 928K [0x04200000, 0x05210000, 0x09750000)
  eden space 13248K,   0% used [0x04200000, 0x04200000, 0x04ef0000)
  from space 1600K,  58% used [0x05080000, 0x05168068, 0x05210000)
  to   space 1600K,   0% used [0x04ef0000, 0x04ef0000, 0x05080000)
 tenured generation   total 32796K, used 19677K [0x09750000, 0x0b757000, 0x14200000)
   the space 32796K,  60% used [0x09750000, 0x0aa87768, 0x0aa87800, 0x0b757000)
 Metaspace       used 3566K, capacity 3772K, committed 3904K, reserved 4480K
}

